<?xml version="1.0" encoding="UTF-8"?>
<!-- Generated by org.testng.reporters.JUnitReportReporter -->
<testsuite hostname="DESKTOP-AEI6VM2" failures="0" tests="1" name="com.bd.TitleVerify" time="24.913" errors="0" timestamp="2022-08-21T11:58:09 EDT" skipped="0">
  <testcase classname="com.bd.TitleVerify" name="openUrl" time="24.913"/>
  <system-out/>
</testsuite> <!-- com.bd.TitleVerify -->
