<?xml version="1.0" encoding="UTF-8"?>
<!-- Generated by org.testng.reporters.JUnitReportReporter -->
<testsuite hostname="Shohanur-Sourav" failures="0" tests="1" name="com.bd.MoveToElement" time="77.167" errors="0" timestamp="2022-09-04T21:24:28 BDT" skipped="0">
  <testcase classname="com.bd.MoveToElement" name="moveTo" time="77.167"/>
  <system-out/>
</testsuite> <!-- com.bd.MoveToElement -->
