<?xml version="1.0" encoding="UTF-8"?>
<!-- Generated by org.testng.reporters.JUnitReportReporter -->
<testsuite hostname="Shohanur-Sourav" failures="0" tests="2" name="com.bd.TestNGExample" time="0.006" errors="0" timestamp="2022-08-27T21:42:31 BDT" skipped="0">
  <testcase classname="com.bd.TestNGExample" name="testCase1" time="0.006"/>
  <system-out/>
  <testcase classname="com.bd.TestNGExample" name="testCase2" time="0.000"/>
  <system-out/>
</testsuite> <!-- com.bd.TestNGExample -->
