<?xml version="1.0" encoding="UTF-8"?>
<!-- Generated by org.testng.reporters.JUnitReportReporter -->
<testsuite hostname="DESKTOP-AEI6VM2" failures="0" tests="1" name="com.bd.DropDown" time="14.510" errors="0" timestamp="2022-08-21T12:50:13 EDT" skipped="0">
  <testcase classname="com.bd.DropDown" name="openUrl" time="14.510"/>
  <system-out/>
</testsuite> <!-- com.bd.DropDown -->
