<?xml version="1.0" encoding="UTF-8"?>
<!-- Generated by org.testng.reporters.JUnitReportReporter -->
<testsuite hostname="DESKTOP-AEI6VM2" failures="0" tests="1" name="com.bd.Navigate" time="38.209" errors="0" timestamp="2022-08-21T12:35:18 EDT" skipped="0">
  <testcase classname="com.bd.Navigate" name="openUrl" time="38.209"/>
  <system-out/>
</testsuite> <!-- com.bd.Navigate -->
