<?xml version="1.0" encoding="UTF-8"?>
<!-- Generated by org.testng.reporters.JUnitReportReporter -->
<testsuite hostname="Shohanur-Sourav" failures="0" tests="2" name="com.bd.TabHandling" time="22.469" errors="0" timestamp="2022-09-04T20:33:18 BDT" skipped="0">
  <testcase classname="com.bd.TabHandling" name="hoverTest" time="11.379"/>
  <system-out/>
  <testcase classname="com.bd.TabHandling" name="switchToNewTab" time="11.090"/>
  <system-out/>
</testsuite> <!-- com.bd.TabHandling -->
