<?xml version="1.0" encoding="UTF-8"?>
<!-- Generated by org.testng.reporters.JUnitReportReporter -->
<testsuite hostname="Shohanur-Sourav" failures="0" tests="1" name="com.bd.Hover" time="14.498" errors="0" timestamp="2022-09-04T16:27:54 BDT" skipped="0">
  <testcase classname="com.bd.Hover" name="hoverTest" time="14.498"/>
  <system-out/>
</testsuite> <!-- com.bd.Hover -->
