<?xml version="1.0" encoding="UTF-8"?>
<!-- Generated by org.testng.reporters.JUnitReportReporter -->
<testsuite hostname="DESKTOP-AEI6VM2" failures="0" tests="2" name="com.bd.DiamondWorld" time="30.705" errors="0" timestamp="2022-08-14T12:52:25 EDT" skipped="0">
  <testcase classname="com.bd.DiamondWorld" name="openUrl" time="25.246"/>
  <system-out/>
  <testcase classname="com.bd.DiamondWorld" name="Test" time="5.459"/>
  <system-out/>
</testsuite> <!-- com.bd.DiamondWorld -->
