<?xml version="1.0" encoding="UTF-8"?>
<!-- Generated by org.testng.reporters.JUnitReportReporter -->
<testsuite hostname="DESKTOP-AEI6VM2" failures="0" tests="3" name="com.bd.Aarong" time="44.726" errors="0" timestamp="2022-08-14T13:03:21 EDT" skipped="0">
  <testcase classname="com.bd.Aarong" name="openUrl" time="17.717"/>
  <system-out/>
  <testcase classname="com.bd.Aarong" name="Test2" time="14.969"/>
  <system-out/>
  <testcase classname="com.bd.Aarong" name="Test" time="12.040"/>
  <system-out/>
</testsuite> <!-- com.bd.Aarong -->
