<?xml version="1.0" encoding="UTF-8"?>
<!-- Generated by org.testng.reporters.JUnitReportReporter -->
<testsuite hostname="Shohanur-Sourav" failures="0" tests="1" name="com.bd.AssertionTest" time="39.923" errors="0" timestamp="2022-09-05T22:59:18 BDT" skipped="0">
  <testcase classname="com.bd.AssertionTest" name="openUrl" time="39.923"/>
  <system-out/>
</testsuite> <!-- com.bd.AssertionTest -->
