<?xml version="1.0" encoding="UTF-8"?>
<!-- Generated by org.testng.reporters.JUnitReportReporter -->
<testsuite hostname="Shohanur-Sourav" failures="0" tests="1" name="com.bd.Iframe" time="11.139" errors="0" timestamp="2022-09-03T21:55:53 BDT" skipped="0">
  <testcase classname="com.bd.Iframe" name="openUrl" time="11.139"/>
  <system-out/>
</testsuite> <!-- com.bd.Iframe -->
