<?xml version="1.0" encoding="UTF-8"?>
<!-- Generated by org.testng.reporters.JUnitReportReporter -->
<testsuite hostname="Shohanur-Sourav" failures="0" tests="1" name="com.bd.Visibility" time="18.428" errors="0" timestamp="2022-09-06T23:11:30 BDT" skipped="0">
  <testcase classname="com.bd.Visibility" name="moveTo" time="18.428"/>
  <system-out/>
</testsuite> <!-- com.bd.Visibility -->
