<?xml version="1.0" encoding="UTF-8"?>
<!-- Generated by org.testng.reporters.JUnitReportReporter -->
<testsuite hostname="DESKTOP-AEI6VM2" failures="0" tests="1" name="com.bd.Alerts" time="13.556" errors="0" timestamp="2022-08-21T12:27:56 EDT" skipped="0">
  <testcase classname="com.bd.Alerts" name="openUrl" time="13.556"/>
  <system-out/>
</testsuite> <!-- com.bd.Alerts -->
