<?xml version="1.0" encoding="UTF-8"?>
<!-- Generated by org.testng.reporters.JUnitReportReporter -->
<testsuite hostname="Shohanur-Sourav" failures="0" tests="1" name="com.bd.TableHandling" time="11.430" errors="0" timestamp="2022-09-06T21:28:19 BDT" skipped="0">
  <testcase classname="com.bd.TableHandling" name="hoverTest" time="11.430"/>
  <system-out/>
</testsuite> <!-- com.bd.TableHandling -->
