<?xml version="1.0" encoding="UTF-8"?>
<!-- Generated by org.testng.reporters.JUnitReportReporter -->
<testsuite hostname="DESKTOP-AEI6VM2" failures="0" tests="1" name="com.bd.RadioAndCheckButton" time="64.650" errors="0" timestamp="2022-08-21T12:08:50 EDT" skipped="0">
  <testcase classname="com.bd.RadioAndCheckButton" name="openUrl" time="64.650"/>
  <system-out/>
</testsuite> <!-- com.bd.RadioAndCheckButton -->
